{"C:/Users/gabri/Documents/Projects/Sistema Agendamento back-end/src/modules/doctor/entities/doctor.entity.ts": {"path":"C:/Users/gabri/Documents/Projects/Sistema Agendamento back-end/src/modules/doctor/entities/doctor.entity.ts","statementMap":{"0":{"start":{"line":19,"column":8},"end":{"line":21,"column":null}},"1":{"start":{"line":20,"column":12},"end":{"line":20,"column":null}},"2":{"start":{"line":23,"column":8},"end":{"line":25,"column":null}},"3":{"start":{"line":24,"column":12},"end":{"line":24,"column":null}},"4":{"start":{"line":27,"column":8},"end":{"line":29,"column":null}},"5":{"start":{"line":28,"column":12},"end":{"line":28,"column":null}},"6":{"start":{"line":31,"column":8},"end":{"line":31,"column":null}},"7":{"start":{"line":32,"column":8},"end":{"line":32,"column":null}},"8":{"start":{"line":33,"column":8},"end":{"line":33,"column":null}},"9":{"start":{"line":34,"column":8},"end":{"line":34,"column":null}},"10":{"start":{"line":35,"column":8},"end":{"line":35,"column":null}},"11":{"start":{"line":39,"column":23},"end":{"line":39,"column":null}},"12":{"start":{"line":40,"column":8},"end":{"line":40,"column":null}}},"fnMap":{"0":{"name":"(anonymous_0)","decl":{"start":{"line":17,"column":12},"end":{"line":17,"column":24}},"loc":{"start":{"line":17,"column":44},"end":{"line":36,"column":null}}},"1":{"name":"(anonymous_1)","decl":{"start":{"line":38,"column":4},"end":{"line":38,"column":11}},"loc":{"start":{"line":38,"column":38},"end":{"line":41,"column":null}}}},"branchMap":{"0":{"loc":{"start":{"line":19,"column":8},"end":{"line":21,"column":null}},"type":"if","locations":[{"start":{"line":19,"column":8},"end":{"line":21,"column":null}},{"start":{"line":19,"column":8},"end":{"line":21,"column":null}}]},"1":{"loc":{"start":{"line":23,"column":8},"end":{"line":25,"column":null}},"type":"if","locations":[{"start":{"line":23,"column":8},"end":{"line":25,"column":null}},{"start":{"line":23,"column":8},"end":{"line":25,"column":null}}]},"2":{"loc":{"start":{"line":27,"column":8},"end":{"line":29,"column":null}},"type":"if","locations":[{"start":{"line":27,"column":8},"end":{"line":29,"column":null}},{"start":{"line":27,"column":8},"end":{"line":29,"column":null}}]}},"s":{"0":4,"1":1,"2":3,"3":1,"4":2,"5":1,"6":1,"7":1,"8":1,"9":1,"10":1,"11":4,"12":1},"f":{"0":4,"1":4},"b":{"0":[1,3],"1":[1,2],"2":[1,1]}}
}
